<?xml version="1.0" encoding="UTF-8"?>
<testng-results ignored="0" total="12" passed="11" failed="0" skipped="1">
  <reporter-output>
    <line>
      <![CDATA[Browser got launched]]>
    </line>
    <line>
      <![CDATA[Browser got Maximized]]>
    </line>
    <line>
      <![CDATA[Logged In Successfully]]>
    </line>
    <line>
      <![CDATA[[ VEN723 ] Microsoft778 - Vendor Information verified]]>
    </line>
    <line>
      <![CDATA[Logged out Successfully]]>
    </line>
    <line>
      <![CDATA[Browser got Closed Successfully]]>
    </line>
    <line>
      <![CDATA[Browser got launched]]>
    </line>
    <line>
      <![CDATA[Browser got Maximized]]>
    </line>
    <line>
      <![CDATA[Logged In Successfully]]>
    </line>
    <line>
      <![CDATA[Logged out Successfully]]>
    </line>
    <line>
      <![CDATA[Logged In Successfully]]>
    </line>
    <line>
      <![CDATA[Logged out Successfully]]>
    </line>
    <line>
      <![CDATA[Logged In Successfully]]>
    </line>
    <line>
      <![CDATA[Logged out Successfully]]>
    </line>
    <line>
      <![CDATA[Browser got Closed Successfully]]>
    </line>
    <line>
      <![CDATA[Browser got launched]]>
    </line>
    <line>
      <![CDATA[Browser got Maximized]]>
    </line>
    <line>
      <![CDATA[Logged In Successfully]]>
    </line>
    <line>
      <![CDATA[Logged out Successfully]]>
    </line>
    <line>
      <![CDATA[Logged In Successfully]]>
    </line>
    <line>
      <![CDATA[createProductWithSupportDateTest]]>
    </line>
    <line>
      <![CDATA[Logged out Successfully]]>
    </line>
    <line>
      <![CDATA[Logged In Successfully]]>
    </line>
    <line>
      <![CDATA[Logged out Successfully]]>
    </line>
    <line>
      <![CDATA[Browser got Closed Successfully]]>
    </line>
    <line>
      <![CDATA[Browser got launched]]>
    </line>
    <line>
      <![CDATA[Browser got Maximized]]>
    </line>
    <line>
      <![CDATA[Logged In Successfully]]>
    </line>
    <line>
      <![CDATA[[ CON9916 ] Kumar_992 - Contact Information verified]]>
    </line>
    <line>
      <![CDATA[  Kumar_992 verified]]>
    </line>
    <line>
      <![CDATA[Logged out Successfully]]>
    </line>
    <line>
      <![CDATA[Logged In Successfully]]>
    </line>
    <line>
      <![CDATA[[ CON9917 ] Kumar_455 - Contact Information verified]]>
    </line>
    <line>
      <![CDATA[  Kumar_455 verified]]>
    </line>
    <line>
      <![CDATA[ Tek_Pyramid_616 verified]]>
    </line>
    <line>
      <![CDATA[Logged out Successfully]]>
    </line>
    <line>
      <![CDATA[Logged In Successfully]]>
    </line>
    <line>
      <![CDATA[[ CON9918 ] Kumar_291 - Contact Information verified]]>
    </line>
    <line>
      <![CDATA[  Kumar_291 verified]]>
    </line>
    <line>
      <![CDATA[2025-05-07 verified]]>
    </line>
    <line>
      <![CDATA[2025-07-06 verified]]>
    </line>
    <line>
      <![CDATA[Logged out Successfully]]>
    </line>
    <line>
      <![CDATA[Browser got Closed Successfully]]>
    </line>
    <line>
      <![CDATA[Browser got launched]]>
    </line>
    <line>
      <![CDATA[Browser got Maximized]]>
    </line>
    <line>
      <![CDATA[Logged In Successfully]]>
    </line>
    <line>
      <![CDATA[[ LEA979 ] lead33 - Lead Information verified]]>
    </line>
  </reporter-output>
  <suite started-at="2025-05-07T11:57:17 IST" name="Suite" finished-at="2025-05-07T11:59:28 IST" duration-ms="130625">
    <groups>
      <group name="smokeTest">
        <method signature="ContactTest.createContactTest()[pri:0, instance:com.tp.vTigerTest.ContactTest@198b6731]" name="createContactTest" class="com.tp.vTigerTest.ContactTest"/>
        <method signature="OrganizationTest.createOrganizationTest()[pri:0, instance:com.tp.vTigerTest.OrganizationTest@489115ef]" name="createOrganizationTest" class="com.tp.vTigerTest.OrganizationTest"/>
        <method signature="ProductTest.createProductTest()[pri:0, instance:com.tp.vTigerTest.ProductTest@3857f613]" name="createProductTest" class="com.tp.vTigerTest.ProductTest"/>
      </group> <!-- smokeTest -->
    </groups>
    <test started-at="2025-05-07T11:57:17 IST" name="Test" finished-at="2025-05-07T11:59:28 IST" duration-ms="130625">
      <class name="com.tp.vTigerTest.ProductTest">
        <test-method is-config="true" signature="toLaunch(java.lang.String)[pri:0, instance:com.tp.vTigerTest.ProductTest@3857f613]" started-at="2025-05-07T11:57:55 IST" name="toLaunch" finished-at="2025-05-07T11:57:58 IST" duration-ms="3175" status="PASS">
          <params>
            <param index="0">
              <value>
                <![CDATA[edge]]>
              </value>
            </param>
          </params>
          <reporter-output>
            <line>
              <![CDATA[Browser got launched]]>
            </line>
            <line>
              <![CDATA[Browser got Maximized]]>
            </line>
          </reporter-output>
        </test-method> <!-- toLaunch -->
        <test-method is-config="true" signature="toLogin()[pri:0, instance:com.tp.vTigerTest.ProductTest@3857f613]" started-at="2025-05-07T11:57:58 IST" name="toLogin" finished-at="2025-05-07T11:58:00 IST" duration-ms="1777" status="PASS">
          <reporter-output>
            <line>
              <![CDATA[Logged In Successfully]]>
            </line>
          </reporter-output>
        </test-method> <!-- toLogin -->
        <test-method signature="createProductTest()[pri:0, instance:com.tp.vTigerTest.ProductTest@3857f613]" started-at="2025-05-07T11:58:00 IST" name="createProductTest" finished-at="2025-05-07T11:58:07 IST" duration-ms="6870" status="PASS">
          <reporter-output>
          </reporter-output>
        </test-method> <!-- createProductTest -->
        <test-method is-config="true" signature="toLogout()[pri:0, instance:com.tp.vTigerTest.ProductTest@3857f613]" started-at="2025-05-07T11:58:07 IST" name="toLogout" finished-at="2025-05-07T11:58:07 IST" duration-ms="718" status="PASS">
          <reporter-output>
            <line>
              <![CDATA[Logged out Successfully]]>
            </line>
          </reporter-output>
        </test-method> <!-- toLogout -->
        <test-method is-config="true" signature="toLogin()[pri:0, instance:com.tp.vTigerTest.ProductTest@3857f613]" started-at="2025-05-07T11:58:07 IST" name="toLogin" finished-at="2025-05-07T11:58:09 IST" duration-ms="1220" status="PASS">
          <reporter-output>
            <line>
              <![CDATA[Logged In Successfully]]>
            </line>
          </reporter-output>
        </test-method> <!-- toLogin -->
        <test-method signature="createProductWithSupportDateTest()[pri:0, instance:com.tp.vTigerTest.ProductTest@3857f613]" started-at="2025-05-07T11:58:09 IST" name="createProductWithSupportDateTest" finished-at="2025-05-07T11:58:16 IST" duration-ms="6875" status="PASS">
          <reporter-output>
            <line>
              <![CDATA[createProductWithSupportDateTest]]>
            </line>
          </reporter-output>
        </test-method> <!-- createProductWithSupportDateTest -->
        <test-method is-config="true" signature="toLogout()[pri:0, instance:com.tp.vTigerTest.ProductTest@3857f613]" started-at="2025-05-07T11:58:16 IST" name="toLogout" finished-at="2025-05-07T11:58:16 IST" duration-ms="674" status="PASS">
          <reporter-output>
            <line>
              <![CDATA[Logged out Successfully]]>
            </line>
          </reporter-output>
        </test-method> <!-- toLogout -->
        <test-method is-config="true" signature="toLogin()[pri:0, instance:com.tp.vTigerTest.ProductTest@3857f613]" started-at="2025-05-07T11:58:16 IST" name="toLogin" finished-at="2025-05-07T11:58:17 IST" duration-ms="354" status="PASS">
          <reporter-output>
            <line>
              <![CDATA[Logged In Successfully]]>
            </line>
          </reporter-output>
        </test-method> <!-- toLogin -->
        <test-method signature="createProductWithVendorTest()[pri:0, instance:com.tp.vTigerTest.ProductTest@3857f613]" started-at="2025-05-07T11:58:17 IST" name="createProductWithVendorTest" finished-at="2025-05-07T11:58:28 IST" duration-ms="11640" status="PASS">
          <reporter-output>
          </reporter-output>
        </test-method> <!-- createProductWithVendorTest -->
        <test-method is-config="true" signature="toLogout()[pri:0, instance:com.tp.vTigerTest.ProductTest@3857f613]" started-at="2025-05-07T11:58:28 IST" name="toLogout" finished-at="2025-05-07T11:58:29 IST" duration-ms="706" status="PASS">
          <reporter-output>
            <line>
              <![CDATA[Logged out Successfully]]>
            </line>
          </reporter-output>
        </test-method> <!-- toLogout -->
        <test-method is-config="true" signature="toClose()[pri:0, instance:com.tp.vTigerTest.ProductTest@3857f613]" started-at="2025-05-07T11:58:29 IST" name="toClose" finished-at="2025-05-07T11:58:30 IST" duration-ms="1401" status="PASS">
          <reporter-output>
            <line>
              <![CDATA[Browser got Closed Successfully]]>
            </line>
          </reporter-output>
        </test-method> <!-- toClose -->
      </class> <!-- com.tp.vTigerTest.ProductTest -->
      <class name="com.tp.vTigerTest.OrganizationTest">
        <test-method is-config="true" signature="toLaunch(java.lang.String)[pri:0, instance:com.tp.vTigerTest.OrganizationTest@489115ef]" started-at="2025-05-07T11:57:32 IST" name="toLaunch" finished-at="2025-05-07T11:57:36 IST" duration-ms="3160" status="PASS">
          <params>
            <param index="0">
              <value>
                <![CDATA[edge]]>
              </value>
            </param>
          </params>
          <reporter-output>
            <line>
              <![CDATA[Browser got launched]]>
            </line>
            <line>
              <![CDATA[Browser got Maximized]]>
            </line>
          </reporter-output>
        </test-method> <!-- toLaunch -->
        <test-method is-config="true" signature="toLogin()[pri:0, instance:com.tp.vTigerTest.OrganizationTest@489115ef]" started-at="2025-05-07T11:57:36 IST" name="toLogin" finished-at="2025-05-07T11:57:38 IST" duration-ms="1958" status="PASS">
          <reporter-output>
            <line>
              <![CDATA[Logged In Successfully]]>
            </line>
          </reporter-output>
        </test-method> <!-- toLogin -->
        <test-method signature="createOrganizationTest()[pri:0, instance:com.tp.vTigerTest.OrganizationTest@489115ef]" started-at="2025-05-07T11:57:38 IST" name="createOrganizationTest" finished-at="2025-05-07T11:57:40 IST" duration-ms="2797" status="PASS">
          <reporter-output>
          </reporter-output>
        </test-method> <!-- createOrganizationTest -->
        <test-method is-config="true" signature="toLogout()[pri:0, instance:com.tp.vTigerTest.OrganizationTest@489115ef]" started-at="2025-05-07T11:57:40 IST" name="toLogout" finished-at="2025-05-07T11:57:42 IST" duration-ms="1818" status="PASS">
          <reporter-output>
            <line>
              <![CDATA[Logged out Successfully]]>
            </line>
          </reporter-output>
        </test-method> <!-- toLogout -->
        <test-method is-config="true" signature="toLogin()[pri:0, instance:com.tp.vTigerTest.OrganizationTest@489115ef]" started-at="2025-05-07T11:57:42 IST" name="toLogin" finished-at="2025-05-07T11:57:43 IST" duration-ms="1228" status="PASS">
          <reporter-output>
            <line>
              <![CDATA[Logged In Successfully]]>
            </line>
          </reporter-output>
        </test-method> <!-- toLogin -->
        <test-method signature="createOrganizationWithIndustryAndTypeTest()[pri:0, instance:com.tp.vTigerTest.OrganizationTest@489115ef]" started-at="2025-05-07T11:57:43 IST" name="createOrganizationWithIndustryAndTypeTest" finished-at="2025-05-07T11:57:47 IST" duration-ms="3850" status="PASS">
          <reporter-output>
          </reporter-output>
        </test-method> <!-- createOrganizationWithIndustryAndTypeTest -->
        <test-method is-config="true" signature="toLogout()[pri:0, instance:com.tp.vTigerTest.OrganizationTest@489115ef]" started-at="2025-05-07T11:57:47 IST" name="toLogout" finished-at="2025-05-07T11:57:48 IST" duration-ms="691" status="PASS">
          <reporter-output>
            <line>
              <![CDATA[Logged out Successfully]]>
            </line>
          </reporter-output>
        </test-method> <!-- toLogout -->
        <test-method is-config="true" signature="toLogin()[pri:0, instance:com.tp.vTigerTest.OrganizationTest@489115ef]" started-at="2025-05-07T11:57:48 IST" name="toLogin" finished-at="2025-05-07T11:57:48 IST" duration-ms="357" status="PASS">
          <reporter-output>
            <line>
              <![CDATA[Logged In Successfully]]>
            </line>
          </reporter-output>
        </test-method> <!-- toLogin -->
        <test-method signature="createOrganizationWithPhoneNumberTest()[pri:0, instance:com.tp.vTigerTest.OrganizationTest@489115ef]" started-at="2025-05-07T11:57:48 IST" name="createOrganizationWithPhoneNumberTest" finished-at="2025-05-07T11:57:53 IST" duration-ms="4622" status="PASS">
          <reporter-output>
          </reporter-output>
        </test-method> <!-- createOrganizationWithPhoneNumberTest -->
        <test-method is-config="true" signature="toLogout()[pri:0, instance:com.tp.vTigerTest.OrganizationTest@489115ef]" started-at="2025-05-07T11:57:53 IST" name="toLogout" finished-at="2025-05-07T11:57:54 IST" duration-ms="688" status="PASS">
          <reporter-output>
            <line>
              <![CDATA[Logged out Successfully]]>
            </line>
          </reporter-output>
        </test-method> <!-- toLogout -->
        <test-method is-config="true" signature="toClose()[pri:0, instance:com.tp.vTigerTest.OrganizationTest@489115ef]" started-at="2025-05-07T11:57:54 IST" name="toClose" finished-at="2025-05-07T11:57:55 IST" duration-ms="1285" status="PASS">
          <reporter-output>
            <line>
              <![CDATA[Browser got Closed Successfully]]>
            </line>
          </reporter-output>
        </test-method> <!-- toClose -->
      </class> <!-- com.tp.vTigerTest.OrganizationTest -->
      <class name="com.tp.vTigerTest.ContactTest">
        <test-method is-config="true" signature="toLaunch(java.lang.String)[pri:0, instance:com.tp.vTigerTest.ContactTest@198b6731]" started-at="2025-05-07T11:58:30 IST" name="toLaunch" finished-at="2025-05-07T11:58:35 IST" duration-ms="5007" status="PASS">
          <params>
            <param index="0">
              <value>
                <![CDATA[edge]]>
              </value>
            </param>
          </params>
          <reporter-output>
            <line>
              <![CDATA[Browser got launched]]>
            </line>
            <line>
              <![CDATA[Browser got Maximized]]>
            </line>
          </reporter-output>
        </test-method> <!-- toLaunch -->
        <test-method is-config="true" signature="toLogin()[pri:0, instance:com.tp.vTigerTest.ContactTest@198b6731]" started-at="2025-05-07T11:58:35 IST" name="toLogin" finished-at="2025-05-07T11:58:37 IST" duration-ms="1861" status="PASS">
          <reporter-output>
            <line>
              <![CDATA[Logged In Successfully]]>
            </line>
          </reporter-output>
        </test-method> <!-- toLogin -->
        <test-method signature="createContactTest()[pri:0, instance:com.tp.vTigerTest.ContactTest@198b6731]" started-at="2025-05-07T11:58:37 IST" name="createContactTest" finished-at="2025-05-07T11:58:43 IST" duration-ms="6252" status="PASS">
          <reporter-output>
            <line>
              <![CDATA[[ CON9916 ] Kumar_992 - Contact Information verified]]>
            </line>
            <line>
              <![CDATA[  Kumar_992 verified]]>
            </line>
          </reporter-output>
        </test-method> <!-- createContactTest -->
        <test-method is-config="true" signature="toLogout()[pri:0, instance:com.tp.vTigerTest.ContactTest@198b6731]" started-at="2025-05-07T11:58:43 IST" name="toLogout" finished-at="2025-05-07T11:58:44 IST" duration-ms="758" status="PASS">
          <reporter-output>
            <line>
              <![CDATA[Logged out Successfully]]>
            </line>
          </reporter-output>
        </test-method> <!-- toLogout -->
        <test-method is-config="true" signature="toLogin()[pri:0, instance:com.tp.vTigerTest.ContactTest@198b6731]" started-at="2025-05-07T11:58:44 IST" name="toLogin" finished-at="2025-05-07T11:58:46 IST" duration-ms="1353" status="PASS">
          <reporter-output>
            <line>
              <![CDATA[Logged In Successfully]]>
            </line>
          </reporter-output>
        </test-method> <!-- toLogin -->
        <test-method signature="createContactWithOrganizationTest()[pri:0, instance:com.tp.vTigerTest.ContactTest@198b6731]" started-at="2025-05-07T11:58:46 IST" name="createContactWithOrganizationTest" finished-at="2025-05-07T11:58:56 IST" duration-ms="10259" status="PASS">
          <reporter-output>
            <line>
              <![CDATA[[ CON9917 ] Kumar_455 - Contact Information verified]]>
            </line>
            <line>
              <![CDATA[  Kumar_455 verified]]>
            </line>
            <line>
              <![CDATA[ Tek_Pyramid_616 verified]]>
            </line>
          </reporter-output>
        </test-method> <!-- createContactWithOrganizationTest -->
        <test-method is-config="true" signature="toLogout()[pri:0, instance:com.tp.vTigerTest.ContactTest@198b6731]" started-at="2025-05-07T11:58:56 IST" name="toLogout" finished-at="2025-05-07T11:58:57 IST" duration-ms="787" status="PASS">
          <reporter-output>
            <line>
              <![CDATA[Logged out Successfully]]>
            </line>
          </reporter-output>
        </test-method> <!-- toLogout -->
        <test-method is-config="true" signature="toLogin()[pri:0, instance:com.tp.vTigerTest.ContactTest@198b6731]" started-at="2025-05-07T11:58:57 IST" name="toLogin" finished-at="2025-05-07T11:58:57 IST" duration-ms="368" status="PASS">
          <reporter-output>
            <line>
              <![CDATA[Logged In Successfully]]>
            </line>
          </reporter-output>
        </test-method> <!-- toLogin -->
        <test-method signature="createContactWithSupportDateTest()[pri:0, instance:com.tp.vTigerTest.ContactTest@198b6731]" started-at="2025-05-07T11:58:57 IST" name="createContactWithSupportDateTest" finished-at="2025-05-07T11:59:02 IST" duration-ms="4811" status="PASS">
          <reporter-output>
            <line>
              <![CDATA[[ CON9918 ] Kumar_291 - Contact Information verified]]>
            </line>
            <line>
              <![CDATA[  Kumar_291 verified]]>
            </line>
            <line>
              <![CDATA[2025-05-07 verified]]>
            </line>
            <line>
              <![CDATA[2025-07-06 verified]]>
            </line>
          </reporter-output>
        </test-method> <!-- createContactWithSupportDateTest -->
        <test-method is-config="true" signature="toLogout()[pri:0, instance:com.tp.vTigerTest.ContactTest@198b6731]" started-at="2025-05-07T11:59:02 IST" name="toLogout" finished-at="2025-05-07T11:59:03 IST" duration-ms="750" status="PASS">
          <reporter-output>
            <line>
              <![CDATA[Logged out Successfully]]>
            </line>
          </reporter-output>
        </test-method> <!-- toLogout -->
        <test-method is-config="true" signature="toClose()[pri:0, instance:com.tp.vTigerTest.ContactTest@198b6731]" started-at="2025-05-07T11:59:03 IST" name="toClose" finished-at="2025-05-07T11:59:04 IST" duration-ms="1482" status="PASS">
          <reporter-output>
            <line>
              <![CDATA[Browser got Closed Successfully]]>
            </line>
          </reporter-output>
        </test-method> <!-- toClose -->
      </class> <!-- com.tp.vTigerTest.ContactTest -->
      <class name="com.tp.vTigerTest.VendorTest">
        <test-method is-config="true" signature="toLaunch(java.lang.String)[pri:0, instance:com.tp.vTigerTest.VendorTest@4116aac9]" started-at="2025-05-07T11:57:17 IST" name="toLaunch" finished-at="2025-05-07T11:57:21 IST" duration-ms="3995" status="PASS">
          <params>
            <param index="0">
              <value>
                <![CDATA[edge]]>
              </value>
            </param>
          </params>
          <reporter-output>
            <line>
              <![CDATA[Browser got launched]]>
            </line>
            <line>
              <![CDATA[Browser got Maximized]]>
            </line>
          </reporter-output>
        </test-method> <!-- toLaunch -->
        <test-method is-config="true" signature="toLogin()[pri:0, instance:com.tp.vTigerTest.VendorTest@4116aac9]" started-at="2025-05-07T11:57:21 IST" name="toLogin" finished-at="2025-05-07T11:57:23 IST" duration-ms="1885" status="PASS">
          <reporter-output>
            <line>
              <![CDATA[Logged In Successfully]]>
            </line>
          </reporter-output>
        </test-method> <!-- toLogin -->
        <test-method signature="createVendorTest()[pri:0, instance:com.tp.vTigerTest.VendorTest@4116aac9]" started-at="2025-05-07T11:57:23 IST" name="createVendorTest" finished-at="2025-05-07T11:57:30 IST" duration-ms="7186" status="PASS">
          <reporter-output>
            <line>
              <![CDATA[[ VEN723 ] Microsoft778 - Vendor Information verified]]>
            </line>
          </reporter-output>
        </test-method> <!-- createVendorTest -->
        <test-method is-config="true" signature="toLogout()[pri:0, instance:com.tp.vTigerTest.VendorTest@4116aac9]" started-at="2025-05-07T11:57:30 IST" name="toLogout" finished-at="2025-05-07T11:57:31 IST" duration-ms="711" status="PASS">
          <reporter-output>
            <line>
              <![CDATA[Logged out Successfully]]>
            </line>
          </reporter-output>
        </test-method> <!-- toLogout -->
        <test-method is-config="true" signature="toClose()[pri:0, instance:com.tp.vTigerTest.VendorTest@4116aac9]" started-at="2025-05-07T11:57:31 IST" name="toClose" finished-at="2025-05-07T11:57:32 IST" duration-ms="1463" status="PASS">
          <reporter-output>
            <line>
              <![CDATA[Browser got Closed Successfully]]>
            </line>
          </reporter-output>
        </test-method> <!-- toClose -->
      </class> <!-- com.tp.vTigerTest.VendorTest -->
      <class name="com.tp.vTigerTest.LeadTest">
        <test-method is-config="true" signature="toLaunch(java.lang.String)[pri:0, instance:com.tp.vTigerTest.LeadTest@7c6908d7]" started-at="2025-05-07T11:59:04 IST" name="toLaunch" finished-at="2025-05-07T11:59:07 IST" duration-ms="3057" status="PASS">
          <params>
            <param index="0">
              <value>
                <![CDATA[edge]]>
              </value>
            </param>
          </params>
          <reporter-output>
            <line>
              <![CDATA[Browser got launched]]>
            </line>
            <line>
              <![CDATA[Browser got Maximized]]>
            </line>
          </reporter-output>
        </test-method> <!-- toLaunch -->
        <test-method is-config="true" signature="toLogin()[pri:0, instance:com.tp.vTigerTest.LeadTest@7c6908d7]" started-at="2025-05-07T11:59:07 IST" name="toLogin" finished-at="2025-05-07T11:59:09 IST" duration-ms="1857" status="PASS">
          <reporter-output>
            <line>
              <![CDATA[Logged In Successfully]]>
            </line>
          </reporter-output>
        </test-method> <!-- toLogin -->
        <test-method signature="createLeadTest()[pri:0, instance:com.tp.vTigerTest.LeadTest@7c6908d7]" started-at="2025-05-07T11:59:09 IST" name="createLeadTest" finished-at="2025-05-07T11:59:13 IST" duration-ms="3572" status="PASS">
          <reporter-output>
            <line>
              <![CDATA[[ LEA979 ] lead33 - Lead Information verified]]>
            </line>
          </reporter-output>
        </test-method> <!-- createLeadTest -->
        <test-method is-config="true" signature="toLogout()[pri:0, instance:com.tp.vTigerTest.LeadTest@7c6908d7]" started-at="2025-05-07T11:59:13 IST" name="toLogout" finished-at="2025-05-07T11:59:28 IST" duration-ms="15225" status="FAIL">
          <exception class="org.openqa.selenium.NoSuchElementException">
            <message>
              <![CDATA[no such element: Unable to locate element: {"method":"link text","selector":"Sign Out"}
  (Session info: MicrosoftEdge=136.0.3240.50)
For documentation on this error, please visit: https://www.selenium.dev/documentation/webdriver/troubleshooting/errors#no-such-element-exception
Build info: version: '4.18.0', revision: 'b6bf9de7cc*'
System info: os.name: 'Windows 11', os.arch: 'amd64', os.version: '10.0', java.version: '21.0.7'
Driver info: org.openqa.selenium.edge.EdgeDriver
Command: [e988425ca7762ea77ae69d5132940158, findElement {value=Sign Out, using=link text}]
Capabilities {acceptInsecureCerts: false, browserName: MicrosoftEdge, browserVersion: 136.0.3240.50, fedcm:accounts: true, ms:edgeOptions: {debuggerAddress: localhost:54070}, msedge: {msedgedriverVersion: 136.0.3240.50 (4e2c41645f24..., userDataDir: C:\Users\Admin\AppData\Loca...}, networkConnectionEnabled: false, pageLoadStrategy: normal, platformName: windows, proxy: Proxy(), se:cdp: ws://localhost:54070/devtoo..., se:cdpVersion: 136.0.3240.50, setWindowRect: true, strictFileInteractability: false, timeouts: {implicit: 0, pageLoad: 300000, script: 30000}, unhandledPromptBehavior: dismiss and notify, webauthn:extension:credBlob: true, webauthn:extension:largeBlob: true, webauthn:extension:minPinLength: true, webauthn:extension:prf: true, webauthn:virtualAuthenticators: true}
Session ID: e988425ca7762ea77ae69d5132940158]]>
            </message>
            <full-stacktrace>
              <![CDATA[org.openqa.selenium.NoSuchElementException: no such element: Unable to locate element: {"method":"link text","selector":"Sign Out"}
  (Session info: MicrosoftEdge=136.0.3240.50)
For documentation on this error, please visit: https://www.selenium.dev/documentation/webdriver/troubleshooting/errors#no-such-element-exception
Build info: version: '4.18.0', revision: 'b6bf9de7cc*'
System info: os.name: 'Windows 11', os.arch: 'amd64', os.version: '10.0', java.version: '21.0.7'
Driver info: org.openqa.selenium.edge.EdgeDriver
Command: [e988425ca7762ea77ae69d5132940158, findElement {value=Sign Out, using=link text}]
Capabilities {acceptInsecureCerts: false, browserName: MicrosoftEdge, browserVersion: 136.0.3240.50, fedcm:accounts: true, ms:edgeOptions: {debuggerAddress: localhost:54070}, msedge: {msedgedriverVersion: 136.0.3240.50 (4e2c41645f24..., userDataDir: C:\Users\Admin\AppData\Loca...}, networkConnectionEnabled: false, pageLoadStrategy: normal, platformName: windows, proxy: Proxy(), se:cdp: ws://localhost:54070/devtoo..., se:cdpVersion: 136.0.3240.50, setWindowRect: true, strictFileInteractability: false, timeouts: {implicit: 0, pageLoad: 300000, script: 30000}, unhandledPromptBehavior: dismiss and notify, webauthn:extension:credBlob: true, webauthn:extension:largeBlob: true, webauthn:extension:minPinLength: true, webauthn:extension:prf: true, webauthn:virtualAuthenticators: true}
Session ID: e988425ca7762ea77ae69d5132940158
at java.base/jdk.internal.reflect.DirectConstructorHandleAccessor.newInstance(DirectConstructorHandleAccessor.java:62)
at java.base/java.lang.reflect.Constructor.newInstanceWithCaller(Constructor.java:502)
at java.base/java.lang.reflect.Constructor.newInstance(Constructor.java:486)
at org.openqa.selenium.remote.ErrorCodec.decode(ErrorCodec.java:167)
at org.openqa.selenium.remote.codec.w3c.W3CHttpResponseCodec.decode(W3CHttpResponseCodec.java:138)
at org.openqa.selenium.remote.codec.w3c.W3CHttpResponseCodec.decode(W3CHttpResponseCodec.java:50)
at org.openqa.selenium.remote.HttpCommandExecutor.execute(HttpCommandExecutor.java:190)
at org.openqa.selenium.remote.service.DriverCommandExecutor.invokeExecute(DriverCommandExecutor.java:216)
at org.openqa.selenium.remote.service.DriverCommandExecutor.execute(DriverCommandExecutor.java:174)
at org.openqa.selenium.remote.RemoteWebDriver.execute(RemoteWebDriver.java:519)
at org.openqa.selenium.remote.ElementLocation$ElementFinder$2.findElement(ElementLocation.java:165)
at org.openqa.selenium.remote.ElementLocation.findElement(ElementLocation.java:59)
at org.openqa.selenium.remote.RemoteWebDriver.findElement(RemoteWebDriver.java:356)
at org.openqa.selenium.remote.RemoteWebDriver.findElement(RemoteWebDriver.java:350)
at org.openqa.selenium.support.pagefactory.DefaultElementLocator.findElement(DefaultElementLocator.java:68)
at org.openqa.selenium.support.pagefactory.internal.LocatingElementHandler.invoke(LocatingElementHandler.java:38)
at jdk.proxy2/jdk.proxy2.$Proxy18.click(Unknown Source)
at com.tp.vTiger.generic.BaseClassTest.BaseClass.toLogout(BaseClass.java:73)
at java.base/jdk.internal.reflect.DirectMethodHandleAccessor.invoke(DirectMethodHandleAccessor.java:103)
at java.base/java.lang.reflect.Method.invoke(Method.java:580)
at org.testng.internal.invokers.MethodInvocationHelper.invokeMethod(MethodInvocationHelper.java:141)
at org.testng.internal.invokers.MethodInvocationHelper.invokeMethodConsideringTimeout(MethodInvocationHelper.java:71)
at org.testng.internal.invokers.ConfigInvoker.invokeConfigurationMethod(ConfigInvoker.java:400)
at org.testng.internal.invokers.ConfigInvoker.invokeConfigurations(ConfigInvoker.java:333)
at org.testng.internal.invokers.TestInvoker.runConfigMethods(TestInvoker.java:833)
at org.testng.internal.invokers.TestInvoker.runAfterConfigurations(TestInvoker.java:802)
at org.testng.internal.invokers.TestInvoker.invokeMethod(TestInvoker.java:778)
at org.testng.internal.invokers.TestInvoker.invokeTestMethod(TestInvoker.java:230)
at org.testng.internal.invokers.MethodRunner.runInSequence(MethodRunner.java:63)
at org.testng.internal.invokers.TestInvoker$MethodInvocationAgent.invoke(TestInvoker.java:992)
at org.testng.internal.invokers.TestInvoker.invokeTestMethods(TestInvoker.java:203)
at org.testng.internal.invokers.TestMethodWorker.invokeTestMethods(TestMethodWorker.java:154)
at org.testng.internal.invokers.TestMethodWorker.run(TestMethodWorker.java:134)
at java.base/java.util.ArrayList.forEach(ArrayList.java:1596)
at org.testng.TestRunner.privateRun(TestRunner.java:739)
at org.testng.TestRunner.run(TestRunner.java:614)
at org.testng.SuiteRunner.runTest(SuiteRunner.java:421)
at org.testng.SuiteRunner.runSequentially(SuiteRunner.java:413)
at org.testng.SuiteRunner.privateRun(SuiteRunner.java:373)
at org.testng.SuiteRunner.run(SuiteRunner.java:312)
at org.testng.SuiteRunnerWorker.runSuite(SuiteRunnerWorker.java:52)
at org.testng.SuiteRunnerWorker.run(SuiteRunnerWorker.java:95)
at org.testng.TestNG.runSuitesSequentially(TestNG.java:1274)
at org.testng.TestNG.runSuitesLocally(TestNG.java:1208)
at org.testng.TestNG.runSuites(TestNG.java:1112)
at org.testng.TestNG.run(TestNG.java:1079)
at org.testng.remote.AbstractRemoteTestNG.run(AbstractRemoteTestNG.java:115)
at org.testng.remote.RemoteTestNG.initAndRun(RemoteTestNG.java:293)
at org.testng.remote.RemoteTestNG.main(RemoteTestNG.java:91)
]]>
            </full-stacktrace>
          </exception> <!-- org.openqa.selenium.NoSuchElementException -->
          <reporter-output>
          </reporter-output>
        </test-method> <!-- toLogout -->
        <test-method is-config="true" signature="toLogin()[pri:0, instance:com.tp.vTigerTest.LeadTest@7c6908d7]" started-at="2025-05-07T11:59:28 IST" name="toLogin" finished-at="2025-05-07T11:59:28 IST" duration-ms="0" status="SKIP">
          <reporter-output>
          </reporter-output>
        </test-method> <!-- toLogin -->
        <test-method signature="createLeadWithLeadSourceAndIndustryTest()[pri:0, instance:com.tp.vTigerTest.LeadTest@7c6908d7]" started-at="2025-05-07T11:59:28 IST" name="createLeadWithLeadSourceAndIndustryTest" finished-at="2025-05-07T11:59:28 IST" duration-ms="1" status="SKIP">
          <exception class="org.openqa.selenium.NoSuchElementException">
            <message>
              <![CDATA[no such element: Unable to locate element: {"method":"link text","selector":"Sign Out"}
  (Session info: MicrosoftEdge=136.0.3240.50)
For documentation on this error, please visit: https://www.selenium.dev/documentation/webdriver/troubleshooting/errors#no-such-element-exception
Build info: version: '4.18.0', revision: 'b6bf9de7cc*'
System info: os.name: 'Windows 11', os.arch: 'amd64', os.version: '10.0', java.version: '21.0.7'
Driver info: org.openqa.selenium.edge.EdgeDriver
Command: [e988425ca7762ea77ae69d5132940158, findElement {value=Sign Out, using=link text}]
Capabilities {acceptInsecureCerts: false, browserName: MicrosoftEdge, browserVersion: 136.0.3240.50, fedcm:accounts: true, ms:edgeOptions: {debuggerAddress: localhost:54070}, msedge: {msedgedriverVersion: 136.0.3240.50 (4e2c41645f24..., userDataDir: C:\Users\Admin\AppData\Loca...}, networkConnectionEnabled: false, pageLoadStrategy: normal, platformName: windows, proxy: Proxy(), se:cdp: ws://localhost:54070/devtoo..., se:cdpVersion: 136.0.3240.50, setWindowRect: true, strictFileInteractability: false, timeouts: {implicit: 0, pageLoad: 300000, script: 30000}, unhandledPromptBehavior: dismiss and notify, webauthn:extension:credBlob: true, webauthn:extension:largeBlob: true, webauthn:extension:minPinLength: true, webauthn:extension:prf: true, webauthn:virtualAuthenticators: true}
Session ID: e988425ca7762ea77ae69d5132940158]]>
            </message>
            <full-stacktrace>
              <![CDATA[org.openqa.selenium.NoSuchElementException: no such element: Unable to locate element: {"method":"link text","selector":"Sign Out"}
  (Session info: MicrosoftEdge=136.0.3240.50)
For documentation on this error, please visit: https://www.selenium.dev/documentation/webdriver/troubleshooting/errors#no-such-element-exception
Build info: version: '4.18.0', revision: 'b6bf9de7cc*'
System info: os.name: 'Windows 11', os.arch: 'amd64', os.version: '10.0', java.version: '21.0.7'
Driver info: org.openqa.selenium.edge.EdgeDriver
Command: [e988425ca7762ea77ae69d5132940158, findElement {value=Sign Out, using=link text}]
Capabilities {acceptInsecureCerts: false, browserName: MicrosoftEdge, browserVersion: 136.0.3240.50, fedcm:accounts: true, ms:edgeOptions: {debuggerAddress: localhost:54070}, msedge: {msedgedriverVersion: 136.0.3240.50 (4e2c41645f24..., userDataDir: C:\Users\Admin\AppData\Loca...}, networkConnectionEnabled: false, pageLoadStrategy: normal, platformName: windows, proxy: Proxy(), se:cdp: ws://localhost:54070/devtoo..., se:cdpVersion: 136.0.3240.50, setWindowRect: true, strictFileInteractability: false, timeouts: {implicit: 0, pageLoad: 300000, script: 30000}, unhandledPromptBehavior: dismiss and notify, webauthn:extension:credBlob: true, webauthn:extension:largeBlob: true, webauthn:extension:minPinLength: true, webauthn:extension:prf: true, webauthn:virtualAuthenticators: true}
Session ID: e988425ca7762ea77ae69d5132940158
at java.base/jdk.internal.reflect.DirectConstructorHandleAccessor.newInstance(DirectConstructorHandleAccessor.java:62)
at java.base/java.lang.reflect.Constructor.newInstanceWithCaller(Constructor.java:502)
at java.base/java.lang.reflect.Constructor.newInstance(Constructor.java:486)
at org.openqa.selenium.remote.ErrorCodec.decode(ErrorCodec.java:167)
at org.openqa.selenium.remote.codec.w3c.W3CHttpResponseCodec.decode(W3CHttpResponseCodec.java:138)
at org.openqa.selenium.remote.codec.w3c.W3CHttpResponseCodec.decode(W3CHttpResponseCodec.java:50)
at org.openqa.selenium.remote.HttpCommandExecutor.execute(HttpCommandExecutor.java:190)
at org.openqa.selenium.remote.service.DriverCommandExecutor.invokeExecute(DriverCommandExecutor.java:216)
at org.openqa.selenium.remote.service.DriverCommandExecutor.execute(DriverCommandExecutor.java:174)
at org.openqa.selenium.remote.RemoteWebDriver.execute(RemoteWebDriver.java:519)
at org.openqa.selenium.remote.ElementLocation$ElementFinder$2.findElement(ElementLocation.java:165)
at org.openqa.selenium.remote.ElementLocation.findElement(ElementLocation.java:59)
at org.openqa.selenium.remote.RemoteWebDriver.findElement(RemoteWebDriver.java:356)
at org.openqa.selenium.remote.RemoteWebDriver.findElement(RemoteWebDriver.java:350)
at org.openqa.selenium.support.pagefactory.DefaultElementLocator.findElement(DefaultElementLocator.java:68)
at org.openqa.selenium.support.pagefactory.internal.LocatingElementHandler.invoke(LocatingElementHandler.java:38)
at jdk.proxy2/jdk.proxy2.$Proxy18.click(Unknown Source)
at com.tp.vTiger.generic.BaseClassTest.BaseClass.toLogout(BaseClass.java:73)
at java.base/jdk.internal.reflect.DirectMethodHandleAccessor.invoke(DirectMethodHandleAccessor.java:103)
at java.base/java.lang.reflect.Method.invoke(Method.java:580)
at org.testng.internal.invokers.MethodInvocationHelper.invokeMethod(MethodInvocationHelper.java:141)
at org.testng.internal.invokers.MethodInvocationHelper.invokeMethodConsideringTimeout(MethodInvocationHelper.java:71)
at org.testng.internal.invokers.ConfigInvoker.invokeConfigurationMethod(ConfigInvoker.java:400)
at org.testng.internal.invokers.ConfigInvoker.invokeConfigurations(ConfigInvoker.java:333)
at org.testng.internal.invokers.TestInvoker.runConfigMethods(TestInvoker.java:833)
at org.testng.internal.invokers.TestInvoker.runAfterConfigurations(TestInvoker.java:802)
at org.testng.internal.invokers.TestInvoker.invokeMethod(TestInvoker.java:778)
at org.testng.internal.invokers.TestInvoker.invokeTestMethod(TestInvoker.java:230)
at org.testng.internal.invokers.MethodRunner.runInSequence(MethodRunner.java:63)
at org.testng.internal.invokers.TestInvoker$MethodInvocationAgent.invoke(TestInvoker.java:992)
at org.testng.internal.invokers.TestInvoker.invokeTestMethods(TestInvoker.java:203)
at org.testng.internal.invokers.TestMethodWorker.invokeTestMethods(TestMethodWorker.java:154)
at org.testng.internal.invokers.TestMethodWorker.run(TestMethodWorker.java:134)
at java.base/java.util.ArrayList.forEach(ArrayList.java:1596)
at org.testng.TestRunner.privateRun(TestRunner.java:739)
at org.testng.TestRunner.run(TestRunner.java:614)
at org.testng.SuiteRunner.runTest(SuiteRunner.java:421)
at org.testng.SuiteRunner.runSequentially(SuiteRunner.java:413)
at org.testng.SuiteRunner.privateRun(SuiteRunner.java:373)
at org.testng.SuiteRunner.run(SuiteRunner.java:312)
at org.testng.SuiteRunnerWorker.runSuite(SuiteRunnerWorker.java:52)
at org.testng.SuiteRunnerWorker.run(SuiteRunnerWorker.java:95)
at org.testng.TestNG.runSuitesSequentially(TestNG.java:1274)
at org.testng.TestNG.runSuitesLocally(TestNG.java:1208)
at org.testng.TestNG.runSuites(TestNG.java:1112)
at org.testng.TestNG.run(TestNG.java:1079)
at org.testng.remote.AbstractRemoteTestNG.run(AbstractRemoteTestNG.java:115)
at org.testng.remote.RemoteTestNG.initAndRun(RemoteTestNG.java:293)
at org.testng.remote.RemoteTestNG.main(RemoteTestNG.java:91)
]]>
            </full-stacktrace>
          </exception> <!-- org.openqa.selenium.NoSuchElementException -->
          <reporter-output>
          </reporter-output>
        </test-method> <!-- createLeadWithLeadSourceAndIndustryTest -->
        <test-method is-config="true" signature="toLogout()[pri:0, instance:com.tp.vTigerTest.LeadTest@7c6908d7]" started-at="2025-05-07T11:59:28 IST" name="toLogout" finished-at="2025-05-07T11:59:28 IST" duration-ms="0" status="SKIP">
          <reporter-output>
          </reporter-output>
        </test-method> <!-- toLogout -->
        <test-method is-config="true" signature="toClose()[pri:0, instance:com.tp.vTigerTest.LeadTest@7c6908d7]" started-at="2025-05-07T11:59:28 IST" name="toClose" finished-at="2025-05-07T11:59:28 IST" duration-ms="0" status="SKIP">
          <reporter-output>
          </reporter-output>
        </test-method> <!-- toClose -->
      </class> <!-- com.tp.vTigerTest.LeadTest -->
    </test> <!-- Test -->
  </suite> <!-- Suite -->
</testng-results>
