<?xml version="1.0" encoding="UTF-8"?>
<!-- Generated by org.testng.reporters.JUnitXMLReporter -->
<testsuite ignored="2" hostname="DESKTOP-QQ3I0BL" failures="0" tests="1" name="Default test" time="19.465" errors="0" timestamp="2025-05-07T17:04:03 IST">
  <testcase classname="com.tp.vTigerTest.OrganizationTest" name="createOrganizationWithPhoneNumberTest" time="7.039"/>
  <testcase classname="com.tp.vTigerTest.OrganizationTest" name="createOrganizationWithIndustryAndTypeTest" time="0.0">
    <ignored/>
  </testcase> <!-- createOrganizationWithIndustryAndTypeTest -->
  <testcase classname="com.tp.vTigerTest.OrganizationTest" name="createOrganizationTest" time="0.0">
    <ignored/>
  </testcase> <!-- createOrganizationTest -->
</testsuite> <!-- Default test -->
